<?xml version="1.0" encoding="UTF-8"?>
<testsuite name="co.gestor.Inventario.InventarioApplicationTests" tests="1" skipped="0" failures="0" errors="0" timestamp="2023-09-07T00:41:00" hostname="MacBook-Pro-de-Santiago-2.local" time="0.098">
  <properties/>
  <testcase name="contextLoads()" classname="co.gestor.Inventario.InventarioApplicationTests" time="0.098"/>
  <system-out><![CDATA[19:40:56.811 [Test worker] DEBUG org.springframework.test.context.BootstrapUtils - Instantiating CacheAwareContextLoaderDelegate from class [org.springframework.test.context.cache.DefaultCacheAwareContextLoaderDelegate]
19:40:56.815 [Test worker] DEBUG org.springframework.test.context.BootstrapUtils - Instantiating BootstrapContext using constructor [public org.springframework.test.context.support.DefaultBootstrapContext(java.lang.Class,org.springframework.test.context.CacheAwareContextLoaderDelegate)]
19:40:56.826 [Test worker] DEBUG org.springframework.test.context.BootstrapUtils - Instantiating TestContextBootstrapper for test class [co.gestor.Inventario.InventarioApplicationTests] from class [org.springframework.boot.test.context.SpringBootTestContextBootstrapper]
19:40:56.829 [Test worker] INFO org.springframework.boot.test.context.SpringBootTestContextBootstrapper - Neither @ContextConfiguration nor @ContextHierarchy found for test class [co.gestor.Inventario.InventarioApplicationTests], using SpringBootContextLoader
19:40:56.831 [Test worker] DEBUG org.springframework.test.context.support.AbstractContextLoader - Did not detect default resource location for test class [co.gestor.Inventario.InventarioApplicationTests]: class path resource [co/gestor/Inventario/InventarioApplicationTests-context.xml] does not exist
19:40:56.831 [Test worker] DEBUG org.springframework.test.context.support.AbstractContextLoader - Did not detect default resource location for test class [co.gestor.Inventario.InventarioApplicationTests]: class path resource [co/gestor/Inventario/InventarioApplicationTestsContext.groovy] does not exist
19:40:56.831 [Test worker] INFO org.springframework.test.context.support.AbstractContextLoader - Could not detect default resource locations for test class [co.gestor.Inventario.InventarioApplicationTests]: no resource found for suffixes {-context.xml, Context.groovy}.
19:40:56.831 [Test worker] INFO org.springframework.test.context.support.AnnotationConfigContextLoaderUtils - Could not detect default configuration classes for test class [co.gestor.Inventario.InventarioApplicationTests]: InventarioApplicationTests does not declare any static, non-private, non-final, nested classes annotated with @Configuration.
19:40:56.843 [Test worker] DEBUG org.springframework.test.context.support.ActiveProfilesUtils - Could not find an 'annotation declaring class' for annotation type [org.springframework.test.context.ActiveProfiles] and class [co.gestor.Inventario.InventarioApplicationTests]
19:40:56.861 [Test worker] DEBUG org.springframework.context.annotation.ClassPathScanningCandidateComponentProvider - Identified candidate component class: file [/Users/santiagobarrera/Desktop/inventario/Inventario/Inventario/build/classes/java/main/co/gestor/Inventario/InventarioApplication.class]
19:40:56.864 [Test worker] INFO org.springframework.boot.test.context.SpringBootTestContextBootstrapper - Found @SpringBootConfiguration co.gestor.Inventario.InventarioApplication for test class co.gestor.Inventario.InventarioApplicationTests
19:40:56.889 [Test worker] DEBUG org.springframework.boot.test.context.SpringBootTestContextBootstrapper - @TestExecutionListeners is not present for class [co.gestor.Inventario.InventarioApplicationTests]: using defaults.
19:40:56.889 [Test worker] INFO org.springframework.boot.test.context.SpringBootTestContextBootstrapper - Loaded default TestExecutionListener class names from location [META-INF/spring.factories]: [org.springframework.boot.test.autoconfigure.restdocs.RestDocsTestExecutionListener, org.springframework.boot.test.autoconfigure.web.client.MockRestServiceServerResetTestExecutionListener, org.springframework.boot.test.autoconfigure.web.servlet.MockMvcPrintOnlyOnFailureTestExecutionListener, org.springframework.boot.test.autoconfigure.web.servlet.WebDriverTestExecutionListener, org.springframework.boot.test.autoconfigure.webservices.client.MockWebServiceServerTestExecutionListener, org.springframework.boot.test.mock.mockito.MockitoTestExecutionListener, org.springframework.boot.test.mock.mockito.ResetMocksTestExecutionListener, org.springframework.test.context.web.ServletTestExecutionListener, org.springframework.test.context.support.DirtiesContextBeforeModesTestExecutionListener, org.springframework.test.context.event.ApplicationEventsTestExecutionListener, org.springframework.test.context.support.DependencyInjectionTestExecutionListener, org.springframework.test.context.support.DirtiesContextTestExecutionListener, org.springframework.test.context.transaction.TransactionalTestExecutionListener, org.springframework.test.context.jdbc.SqlScriptsTestExecutionListener, org.springframework.test.context.event.EventPublishingTestExecutionListener]
19:40:56.894 [Test worker] INFO org.springframework.boot.test.context.SpringBootTestContextBootstrapper - Using TestExecutionListeners: [org.springframework.test.context.web.ServletTestExecutionListener@3b956878, org.springframework.test.context.support.DirtiesContextBeforeModesTestExecutionListener@36546a22, org.springframework.test.context.event.ApplicationEventsTestExecutionListener@285c08c8, org.springframework.boot.test.mock.mockito.MockitoTestExecutionListener@295eaa7c, org.springframework.boot.test.autoconfigure.SpringBootDependencyInjectionTestExecutionListener@3918c187, org.springframework.test.context.support.DirtiesContextTestExecutionListener@2c88b9fc, org.springframework.test.context.transaction.TransactionalTestExecutionListener@64dafeed, org.springframework.test.context.jdbc.SqlScriptsTestExecutionListener@388ba540, org.springframework.test.context.event.EventPublishingTestExecutionListener@47605f2f, org.springframework.boot.test.autoconfigure.restdocs.RestDocsTestExecutionListener@2ece4966, org.springframework.boot.test.autoconfigure.web.client.MockRestServiceServerResetTestExecutionListener@1dd0e7c4, org.springframework.boot.test.autoconfigure.web.servlet.MockMvcPrintOnlyOnFailureTestExecutionListener@7894f09b, org.springframework.boot.test.autoconfigure.web.servlet.WebDriverTestExecutionListener@3d484181, org.springframework.boot.test.autoconfigure.webservices.client.MockWebServiceServerTestExecutionListener@6111ba37, org.springframework.boot.test.mock.mockito.ResetMocksTestExecutionListener@7be58f16]
19:40:56.895 [Test worker] DEBUG org.springframework.test.context.support.AbstractDirtiesContextTestExecutionListener - Before test class: context [DefaultTestContext@2bef51f2 testClass = InventarioApplicationTests, testInstance = [null], testMethod = [null], testException = [null], mergedContextConfiguration = [WebMergedContextConfiguration@650eab8 testClass = InventarioApplicationTests, locations = '{}', classes = '{class co.gestor.Inventario.InventarioApplication}', contextInitializerClasses = '[]', activeProfiles = '{}', propertySourceLocations = '{}', propertySourceProperties = '{org.springframework.boot.test.context.SpringBootTestContextBootstrapper=true}', contextCustomizers = set[org.springframework.boot.test.autoconfigure.actuate.metrics.MetricsExportContextCustomizerFactory$DisableMetricExportContextCustomizer@51549490, org.springframework.boot.test.autoconfigure.properties.PropertyMappingContextCustomizer@0, org.springframework.boot.test.autoconfigure.web.servlet.WebDriverContextCustomizerFactory$Customizer@3bd323e9, org.springframework.boot.test.context.filter.ExcludeFilterContextCustomizer@3403e2ac, org.springframework.boot.test.json.DuplicateJsonObjectContextCustomizerFactory$DuplicateJsonObjectContextCustomizer@74bf1791, org.springframework.boot.test.mock.mockito.MockitoContextCustomizer@0, org.springframework.boot.test.web.client.TestRestTemplateContextCustomizer@62010f5c, org.springframework.boot.test.context.SpringBootTestArgs@1, org.springframework.boot.test.context.SpringBootTestWebEnvironment@3af9c5b7], resourceBasePath = 'src/main/webapp', contextLoader = 'org.springframework.boot.test.context.SpringBootContextLoader', parent = [null]], attributes = map['org.springframework.test.context.web.ServletTestExecutionListener.activateListener' -> true]], class annotated with @DirtiesContext [false] with mode [null].

  .   ____          _            __ _ _
 /\\ / ___'_ __ _ _(_)_ __  __ _ \ \ \ \
( ( )\___ | '_ | '_| | '_ \/ _` | \ \ \ \
 \\/  ___)| |_)| | | | | || (_| |  ) ) ) )
  '  |____| .__|_| |_|_| |_\__, | / / / /
 =========|_|==============|___/=/_/_/_/
 :: Spring Boot ::               (v2.7.14)

2023-09-06 19:40:56.995  INFO 7043 --- [    Test worker] c.g.I.InventarioApplicationTests         : Starting InventarioApplicationTests using Java 19.0.2 on MacBook-Pro-de-Santiago-2.local with PID 7043 (started by santiagobarrera in /Users/santiagobarrera/Desktop/inventario/Inventario/Inventario)
2023-09-06 19:40:56.995  INFO 7043 --- [    Test worker] c.g.I.InventarioApplicationTests         : No active profile set, falling back to 1 default profile: "default"
2023-09-06 19:40:57.177  INFO 7043 --- [    Test worker] .s.d.r.c.RepositoryConfigurationDelegate : Bootstrapping Spring Data JPA repositories in DEFAULT mode.
2023-09-06 19:40:57.181  INFO 7043 --- [    Test worker] .s.d.r.c.RepositoryConfigurationDelegate : Finished Spring Data repository scanning in 1 ms. Found 0 JPA repository interfaces.
2023-09-06 19:40:57.346  INFO 7043 --- [    Test worker] com.zaxxer.hikari.HikariDataSource       : HikariPool-1 - Starting...
2023-09-06 19:40:59.806  INFO 7043 --- [    Test worker] com.zaxxer.hikari.HikariDataSource       : HikariPool-1 - Start completed.
2023-09-06 19:40:59.845  INFO 7043 --- [    Test worker] o.hibernate.jpa.internal.util.LogHelper  : HHH000204: Processing PersistenceUnitInfo [name: default]
2023-09-06 19:40:59.862  INFO 7043 --- [    Test worker] org.hibernate.Version                    : HHH000412: Hibernate ORM core version 5.6.15.Final
2023-09-06 19:40:59.918  INFO 7043 --- [    Test worker] o.hibernate.annotations.common.Version   : HCANN000001: Hibernate Commons Annotations {5.1.2.Final}
2023-09-06 19:40:59.950  INFO 7043 --- [    Test worker] org.hibernate.dialect.Dialect            : HHH000400: Using dialect: org.hibernate.dialect.MySQL5InnoDBDialect
2023-09-06 19:41:00.003  INFO 7043 --- [    Test worker] o.h.e.t.j.p.i.JtaPlatformInitiator       : HHH000490: Using JtaPlatform implementation: [org.hibernate.engine.transaction.jta.platform.internal.NoJtaPlatform]
2023-09-06 19:41:00.007  INFO 7043 --- [    Test worker] j.LocalContainerEntityManagerFactoryBean : Initialized JPA EntityManagerFactory for persistence unit 'default'
2023-09-06 19:41:00.092  WARN 7043 --- [    Test worker] JpaBaseConfiguration$JpaWebConfiguration : spring.jpa.open-in-view is enabled by default. Therefore, database queries may be performed during view rendering. Explicitly configure spring.jpa.open-in-view to disable this warning
2023-09-06 19:41:00.289  INFO 7043 --- [    Test worker] c.g.I.InventarioApplicationTests         : Started InventarioApplicationTests in 3.383 seconds (JVM running for 3.762)
Prueba
]]></system-out>
  <system-err><![CDATA[]]></system-err>
</testsuite>
